c:\users\ingam\source\repos\hydra\hydra\x64\debug\vc143.pdb
c:\users\ingam\source\repos\hydra\hydra\x64\debug\vc143.idb
c:\users\ingam\source\repos\hydra\hydra\x64\debug\windowmanager.obj
c:\users\ingam\source\repos\hydra\hydra\x64\debug\selectionsort.obj
c:\users\ingam\source\repos\hydra\hydra\x64\debug\quicksort.obj
c:\users\ingam\source\repos\hydra\hydra\x64\debug\main.obj
c:\users\ingam\source\repos\hydra\hydra\x64\debug\columnmanager.obj
c:\users\ingam\source\repos\hydra\hydra\x64\debug\bubblesort.obj
c:\users\ingam\source\repos\hydra\hydra\x64\debug\insertionsort.obj
c:\users\ingam\source\repos\hydra\hydra\x64\debug\mergesort.obj
c:\users\ingam\source\repos\hydra\hydra\x64\debug\invoker.obj
c:\users\ingam\source\repos\hydra\hydra\x64\debug\sortcommands.obj
c:\users\ingam\source\repos\hydra\hydra\x64\debug\menuitem.obj
c:\users\ingam\source\repos\hydra\hydra\x64\debug\menu.obj
c:\users\ingam\source\repos\hydra\x64\debug\hydra.exe
c:\users\ingam\source\repos\hydra\x64\debug\hydra.pdb
c:\users\ingam\source\repos\hydra\hydra\x64\debug\hydra.ilk
c:\users\ingam\source\repos\hydra\hydra\x64\debug\composite.obj
c:\users\ingam\source\repos\hydra\hydra\x64\debug\leaf.obj
c:\users\ingam\source\repos\hydra\hydra\x64\debug\menumanager.obj
c:\users\ingam\source\repos\hydra\hydra\x64\debug\navigationlist.obj
c:\users\ingam\source\repos\hydra\hydra\x64\debug\navigationstack.obj
c:\users\ingam\source\repos\hydra\hydra\x64\debug\runselectedcommand.obj
c:\users\ingam\source\repos\hydra\hydra\x64\debug\runvisualizationcommand.obj
c:\users\ingam\source\repos\hydra\hydra\x64\debug\selectcommand.obj
c:\users\ingam\source\repos\hydra\hydra\x64\debug\sortercommand.obj
c:\users\ingam\source\repos\hydra\hydra\x64\debug\main.obj.enc
c:\users\ingam\source\repos\hydra\hydra\x64\debug\menu.obj.enc
c:\users\ingam\source\repos\hydra\hydra\x64\debug\hydra.tlog\cl.command.1.tlog
c:\users\ingam\source\repos\hydra\hydra\x64\debug\hydra.tlog\cl.items.tlog
c:\users\ingam\source\repos\hydra\hydra\x64\debug\hydra.tlog\cl.read.1.tlog
c:\users\ingam\source\repos\hydra\hydra\x64\debug\hydra.tlog\cl.write.1.tlog
c:\users\ingam\source\repos\hydra\hydra\x64\debug\hydra.tlog\link.command.1.tlog
c:\users\ingam\source\repos\hydra\hydra\x64\debug\hydra.tlog\link.read.1.tlog
c:\users\ingam\source\repos\hydra\hydra\x64\debug\hydra.tlog\link.secondary.1.tlog
c:\users\ingam\source\repos\hydra\hydra\x64\debug\hydra.tlog\link.write.1.tlog
